2017-04-10 06:31:00,363 ERROR Starting EURUSD
2017-04-10 06:31:00,778 ERROR Connecting To Database
2017-04-10 06:34:53,098 ERROR Starting EURUSD
2017-04-10 06:34:53,098 ERROR Starting EURUSD
2017-04-10 06:34:53,528 ERROR Connecting To Database
2017-04-10 06:34:53,528 ERROR Connecting To Database
2017-04-10 06:35:21,471 ERROR Starting EURUSD
2017-04-10 06:35:21,471 ERROR Starting EURUSD
2017-04-10 06:35:21,471 ERROR Starting EURUSD
2017-04-10 06:35:21,638 ERROR Connecting To Database
2017-04-10 06:35:21,638 ERROR Connecting To Database
2017-04-10 06:35:21,638 ERROR Connecting To Database
2017-04-10 06:38:30,073 ERROR Starting EURUSD
2017-04-10 06:38:30,073 ERROR Starting EURUSD
2017-04-10 06:38:30,073 ERROR Starting EURUSD
2017-04-10 06:38:30,073 ERROR Starting EURUSD
2017-04-10 06:38:30,508 ERROR Connecting To Database
2017-04-10 06:38:30,508 ERROR Connecting To Database
2017-04-10 06:38:30,508 ERROR Connecting To Database
2017-04-10 06:38:30,508 ERROR Connecting To Database
2017-04-10 06:39:45,312 ERROR Starting EURUSD
2017-04-10 06:39:45,312 ERROR Starting EURUSD
2017-04-10 06:39:45,312 ERROR Starting EURUSD
2017-04-10 06:39:45,312 ERROR Starting EURUSD
2017-04-10 06:39:45,312 ERROR Starting EURUSD
2017-04-10 06:39:45,969 ERROR Connecting To Database
2017-04-10 06:39:45,969 ERROR Connecting To Database
2017-04-10 06:39:45,969 ERROR Connecting To Database
2017-04-10 06:39:45,969 ERROR Connecting To Database
2017-04-10 06:39:45,969 ERROR Connecting To Database
2017-04-11 05:48:01,296 ERROR Starting EURUSDBullBear
2017-04-11 05:48:01,296 ERROR Starting EURUSDBullBear
2017-04-11 05:48:01,296 ERROR Starting EURUSDBullBear
2017-04-11 05:48:01,296 ERROR Starting EURUSDBullBear
2017-04-11 05:48:01,296 ERROR Starting EURUSDBullBear
2017-04-11 05:48:01,866 ERROR Connecting To Database
2017-04-11 05:48:01,866 ERROR Connecting To Database
2017-04-11 05:48:01,866 ERROR Connecting To Database
2017-04-11 05:48:01,866 ERROR Connecting To Database
2017-04-11 05:48:01,866 ERROR Connecting To Database
2017-04-11 05:48:02,537 ERROR There is an available position slot for EURUSD
2017-04-11 05:48:02,537 ERROR There is an available position slot for EURUSD
2017-04-11 05:48:02,537 ERROR There is an available position slot for EURUSD
2017-04-11 05:48:02,537 ERROR There is an available position slot for EURUSD
2017-04-11 05:48:02,537 ERROR There is an available position slot for EURUSD
2017-04-11 05:48:02,544 ERROR Valid ShortEntry Found
2017-04-11 05:48:02,544 ERROR Valid ShortEntry Found
2017-04-11 05:48:02,544 ERROR Valid ShortEntry Found
2017-04-11 05:48:02,544 ERROR Valid ShortEntry Found
2017-04-11 05:48:02,544 ERROR Valid ShortEntry Found
2017-04-11 05:48:08,576 ERROR In Short Order Function
2017-04-11 05:48:08,576 ERROR In Short Order Function
2017-04-11 05:48:08,576 ERROR In Short Order Function
2017-04-11 05:48:08,576 ERROR In Short Order Function
2017-04-11 05:48:08,576 ERROR In Short Order Function
2017-04-11 05:48:08,702 ERROR In Short Order Function
2017-04-11 05:48:08,702 ERROR In Short Order Function
2017-04-11 05:48:08,702 ERROR In Short Order Function
2017-04-11 05:48:08,702 ERROR In Short Order Function
2017-04-11 05:48:08,702 ERROR In Short Order Function
2017-04-11 05:51:53,421 ERROR Starting EURUSDBullBear
2017-04-11 05:51:53,421 ERROR Starting EURUSDBullBear
2017-04-11 05:51:53,421 ERROR Starting EURUSDBullBear
2017-04-11 05:51:53,421 ERROR Starting EURUSDBullBear
2017-04-11 05:51:53,421 ERROR Starting EURUSDBullBear
2017-04-11 05:51:53,849 ERROR Connecting To Database
2017-04-11 05:51:53,849 ERROR Connecting To Database
2017-04-11 05:51:53,849 ERROR Connecting To Database
2017-04-11 05:51:53,849 ERROR Connecting To Database
2017-04-11 05:51:53,849 ERROR Connecting To Database
2017-04-11 05:51:54,647 ERROR There is an available position slot for EURUSD
2017-04-11 05:51:54,647 ERROR There is an available position slot for EURUSD
2017-04-11 05:51:54,647 ERROR There is an available position slot for EURUSD
2017-04-11 05:51:54,647 ERROR There is an available position slot for EURUSD
2017-04-11 05:51:54,647 ERROR There is an available position slot for EURUSD
2017-04-11 05:51:54,652 ERROR Valid ShortEntry Found
2017-04-11 05:51:54,652 ERROR Valid ShortEntry Found
2017-04-11 05:51:54,652 ERROR Valid ShortEntry Found
2017-04-11 05:51:54,652 ERROR Valid ShortEntry Found
2017-04-11 05:51:54,652 ERROR Valid ShortEntry Found
2017-04-11 05:51:57,034 ERROR In Short Order Function
2017-04-11 05:51:57,034 ERROR In Short Order Function
2017-04-11 05:51:57,034 ERROR In Short Order Function
2017-04-11 05:51:57,034 ERROR In Short Order Function
2017-04-11 05:51:57,034 ERROR In Short Order Function
2017-04-11 05:51:57,174 ERROR In Short Order Function
2017-04-11 05:51:57,174 ERROR In Short Order Function
2017-04-11 05:51:57,174 ERROR In Short Order Function
2017-04-11 05:51:57,174 ERROR In Short Order Function
2017-04-11 05:51:57,174 ERROR In Short Order Function
2017-04-11 05:52:56,653 ERROR Starting EURUSDBullBear
2017-04-11 05:52:56,653 ERROR Starting EURUSDBullBear
2017-04-11 05:52:56,653 ERROR Starting EURUSDBullBear
2017-04-11 05:52:56,653 ERROR Starting EURUSDBullBear
2017-04-11 05:52:56,653 ERROR Starting EURUSDBullBear
2017-04-11 05:52:57,111 ERROR Connecting To Database
2017-04-11 05:52:57,111 ERROR Connecting To Database
2017-04-11 05:52:57,111 ERROR Connecting To Database
2017-04-11 05:52:57,111 ERROR Connecting To Database
2017-04-11 05:52:57,111 ERROR Connecting To Database
2017-04-11 05:52:57,694 ERROR There is an available position slot for EURUSD
2017-04-11 05:52:57,694 ERROR There is an available position slot for EURUSD
2017-04-11 05:52:57,694 ERROR There is an available position slot for EURUSD
2017-04-11 05:52:57,694 ERROR There is an available position slot for EURUSD
2017-04-11 05:52:57,694 ERROR There is an available position slot for EURUSD
2017-04-11 05:52:57,699 ERROR Valid ShortEntry Found
2017-04-11 05:52:57,699 ERROR Valid ShortEntry Found
2017-04-11 05:52:57,699 ERROR Valid ShortEntry Found
2017-04-11 05:52:57,699 ERROR Valid ShortEntry Found
2017-04-11 05:52:57,699 ERROR Valid ShortEntry Found
2017-04-11 05:53:00,088 ERROR In Short Order Function
2017-04-11 05:53:00,088 ERROR In Short Order Function
2017-04-11 05:53:00,088 ERROR In Short Order Function
2017-04-11 05:53:00,088 ERROR In Short Order Function
2017-04-11 05:53:00,088 ERROR In Short Order Function
2017-04-11 05:53:00,232 ERROR In Short Order Function
2017-04-11 05:53:00,232 ERROR In Short Order Function
2017-04-11 05:53:00,232 ERROR In Short Order Function
2017-04-11 05:53:00,232 ERROR In Short Order Function
2017-04-11 05:53:00,232 ERROR In Short Order Function
2017-04-11 05:55:07,565 ERROR Starting EURUSDBullBear
2017-04-11 05:55:07,565 ERROR Starting EURUSDBullBear
2017-04-11 05:55:07,565 ERROR Starting EURUSDBullBear
2017-04-11 05:55:07,565 ERROR Starting EURUSDBullBear
2017-04-11 05:55:07,565 ERROR Starting EURUSDBullBear
2017-04-11 05:55:07,998 ERROR Connecting To Database
2017-04-11 05:55:07,998 ERROR Connecting To Database
2017-04-11 05:55:07,998 ERROR Connecting To Database
2017-04-11 05:55:07,998 ERROR Connecting To Database
2017-04-11 05:55:07,998 ERROR Connecting To Database
2017-04-11 05:55:08,570 ERROR There is an available position slot for EURUSD
2017-04-11 05:55:08,570 ERROR There is an available position slot for EURUSD
2017-04-11 05:55:08,570 ERROR There is an available position slot for EURUSD
2017-04-11 05:55:08,570 ERROR There is an available position slot for EURUSD
2017-04-11 05:55:08,570 ERROR There is an available position slot for EURUSD
2017-04-11 05:55:08,576 ERROR Valid ShortEntry Found
2017-04-11 05:55:08,576 ERROR Valid ShortEntry Found
2017-04-11 05:55:08,576 ERROR Valid ShortEntry Found
2017-04-11 05:55:08,576 ERROR Valid ShortEntry Found
2017-04-11 05:55:08,576 ERROR Valid ShortEntry Found
2017-04-11 05:55:10,169 ERROR In Short Order Function
2017-04-11 05:55:10,169 ERROR In Short Order Function
2017-04-11 05:55:10,169 ERROR In Short Order Function
2017-04-11 05:55:10,169 ERROR In Short Order Function
2017-04-11 05:55:10,169 ERROR In Short Order Function
2017-04-11 05:55:10,321 ERROR In Short Order Function
2017-04-11 05:55:10,321 ERROR In Short Order Function
2017-04-11 05:55:10,321 ERROR In Short Order Function
2017-04-11 05:55:10,321 ERROR In Short Order Function
2017-04-11 05:55:10,321 ERROR In Short Order Function
2017-04-11 05:55:43,798 ERROR Starting EURUSDBullBear
2017-04-11 05:55:43,798 ERROR Starting EURUSDBullBear
2017-04-11 05:55:43,798 ERROR Starting EURUSDBullBear
2017-04-11 05:55:43,798 ERROR Starting EURUSDBullBear
2017-04-11 05:55:43,798 ERROR Starting EURUSDBullBear
2017-04-11 05:55:46,028 ERROR Connecting To Database
2017-04-11 05:55:46,028 ERROR Connecting To Database
2017-04-11 05:55:46,028 ERROR Connecting To Database
2017-04-11 05:55:46,028 ERROR Connecting To Database
2017-04-11 05:55:46,028 ERROR Connecting To Database
2017-04-11 05:55:47,055 ERROR There is an available position slot for EURUSD
2017-04-11 05:55:47,055 ERROR There is an available position slot for EURUSD
2017-04-11 05:55:47,055 ERROR There is an available position slot for EURUSD
2017-04-11 05:55:47,055 ERROR There is an available position slot for EURUSD
2017-04-11 05:55:47,055 ERROR There is an available position slot for EURUSD
2017-04-11 05:55:47,063 ERROR Valid ShortEntry Found
2017-04-11 05:55:47,063 ERROR Valid ShortEntry Found
2017-04-11 05:55:47,063 ERROR Valid ShortEntry Found
2017-04-11 05:55:47,063 ERROR Valid ShortEntry Found
2017-04-11 05:55:47,063 ERROR Valid ShortEntry Found
2017-04-11 05:55:49,167 ERROR In Short Order Function
2017-04-11 05:55:49,167 ERROR In Short Order Function
2017-04-11 05:55:49,167 ERROR In Short Order Function
2017-04-11 05:55:49,167 ERROR In Short Order Function
2017-04-11 05:55:49,167 ERROR In Short Order Function
2017-04-11 05:55:49,336 ERROR In Short Order Function
2017-04-11 05:55:49,336 ERROR In Short Order Function
2017-04-11 05:55:49,336 ERROR In Short Order Function
2017-04-11 05:55:49,336 ERROR In Short Order Function
2017-04-11 05:55:49,336 ERROR In Short Order Function
2017-04-11 05:56:36,580 ERROR Starting EURUSDBullBear
2017-04-11 05:56:36,580 ERROR Starting EURUSDBullBear
2017-04-11 05:56:36,580 ERROR Starting EURUSDBullBear
2017-04-11 05:56:36,580 ERROR Starting EURUSDBullBear
2017-04-11 05:56:36,580 ERROR Starting EURUSDBullBear
2017-04-11 05:56:36,746 ERROR Connecting To Database
2017-04-11 05:56:36,746 ERROR Connecting To Database
2017-04-11 05:56:36,746 ERROR Connecting To Database
2017-04-11 05:56:36,746 ERROR Connecting To Database
2017-04-11 05:56:36,746 ERROR Connecting To Database
