2017-04-14 12:35:38,537 ERROR Starting EURUSDBullBear
2017-04-14 12:35:41,081 ERROR Connecting To Database
2017-04-14 12:35:43,036 ERROR There is an available position slot for EURUSD
2017-04-14 12:35:43,047 ERROR Valid ShortEntry Found
2017-04-14 12:35:44,408 ERROR In Short Order Function
2017-04-14 12:35:45,709 ERROR In Short Order Function
2017-04-14 12:36:03,309 ERROR Starting EURUSDBullBear
2017-04-14 12:36:05,391 ERROR Connecting To Database
2017-04-14 12:36:15,655 ERROR There is an available position slot for EURUSD
2017-04-14 12:36:15,662 ERROR Valid ShortEntry Found
2017-04-14 12:36:16,672 ERROR In Short Order Function
2017-04-14 12:36:17,800 ERROR In Short Order Function
2017-04-14 12:38:08,880 ERROR Starting EURUSDBullBear
2017-04-14 12:38:09,331 ERROR Connecting To Database
2017-04-14 12:38:10,712 ERROR There is an available position slot for EURUSD
2017-04-14 12:38:10,718 ERROR Valid ShortEntry Found
2017-04-14 12:38:11,733 ERROR In Short Order Function
2017-04-14 12:38:12,990 ERROR In Short Order Function
2017-04-14 12:39:06,693 ERROR Starting EURUSDBullBear
2017-04-14 12:39:07,174 ERROR Connecting To Database
2017-04-14 12:39:08,280 ERROR There is an available position slot for EURUSD
2017-04-14 12:39:08,286 ERROR Valid ShortEntry Found
2017-04-14 12:39:09,536 ERROR In Short Order Function
2017-04-14 12:39:09,771 ERROR In Short Order Function
2017-04-14 13:07:46,232 ERROR Starting EURUSDBullBear
2017-04-14 13:07:47,325 ERROR Connecting To Database
2017-04-14 13:07:48,095 ERROR There is an available position slot for EURUSD
2017-04-14 13:07:48,101 ERROR Valid ShortEntry Found
2017-04-14 13:07:49,442 ERROR In Short Order Function
2017-04-14 13:07:49,967 ERROR In Short Order Function
